2024-02-16 10:20:46,799 [Worker-6: Loading available Gradle versions] INFO  o.e.b.c.i.u.g.PublishedGradleVersions - Gradle version information cache is up-to-date. Trying to read.
2024-02-16 10:21:38,490 [Worker-7: Updating Maven Dependencies] INFO  o.e.m.c.i.l.LifecycleMappingFactory - Using DEFAULT lifecycle mapping for MavenProject: dk.sdu.bdd.xtext:dk.sdu.bdd.xtext:1.0.0-SNAPSHOT @ C:\Users\ansil\eclipse-workspace\projectRobotColorsSorting_V2\DSL\dk.sdu.bdd.xtext.parent\dk.sdu.bdd.xtext\pom.xml.
2024-02-16 10:21:43,426 [Worker-31: Launching GenerateBddDsl.mwe2] INFO  o.e.m.c.i.embedder.EclipseLogger - Using 'UTF-8' encoding to copy filtered resources.
2024-02-16 10:21:43,426 [Worker-31: Launching GenerateBddDsl.mwe2] INFO  o.e.m.c.i.embedder.EclipseLogger - skip non existing resourceDirectory C:\Users\ansil\eclipse-workspace\projectRobotColorsSorting_V2\DSL\dk.sdu.bdd.xtext.parent\dk.sdu.bdd.xtext\src\main\resources
2024-02-16 10:21:43,431 [Worker-31: Launching GenerateBddDsl.mwe2] INFO  o.e.m.c.i.embedder.EclipseLogger - Using 'UTF-8' encoding to copy filtered resources.
2024-02-16 10:21:43,431 [Worker-31: Launching GenerateBddDsl.mwe2] INFO  o.e.m.c.i.embedder.EclipseLogger - skip non existing resourceDirectory C:\Users\ansil\eclipse-workspace\projectRobotColorsSorting_V2\DSL\dk.sdu.bdd.xtext.parent\dk.sdu.bdd.xtext\src\test\resources
2024-02-16 10:21:50,759 [Worker-31: Launching GenerateBddDsl.mwe2] INFO  o.e.m.c.i.embedder.EclipseLogger - Using 'UTF-8' encoding to copy filtered resources.
2024-02-16 10:21:50,761 [Worker-31: Launching GenerateBddDsl.mwe2] INFO  o.e.m.c.i.embedder.EclipseLogger - skip non existing resourceDirectory C:\Users\ansil\eclipse-workspace\projectRobotColorsSorting_V2\DSL\dk.sdu.bdd.xtext.parent\dk.sdu.bdd.xtext\src\main\resources
2024-02-16 10:21:50,763 [Worker-31: Launching GenerateBddDsl.mwe2] INFO  o.e.m.c.i.embedder.EclipseLogger - Using 'UTF-8' encoding to copy filtered resources.
2024-02-16 10:21:50,764 [Worker-31: Launching GenerateBddDsl.mwe2] INFO  o.e.m.c.i.embedder.EclipseLogger - skip non existing resourceDirectory C:\Users\ansil\eclipse-workspace\projectRobotColorsSorting_V2\DSL\dk.sdu.bdd.xtext.parent\dk.sdu.bdd.xtext\src\test\resources
2024-02-16 10:22:11,151 [Worker-17: Launching Launch Runtime Eclipse] INFO  o.e.m.c.i.embedder.EclipseLogger - Using 'UTF-8' encoding to copy filtered resources.
2024-02-16 10:22:11,152 [Worker-17: Launching Launch Runtime Eclipse] INFO  o.e.m.c.i.embedder.EclipseLogger - skip non existing resourceDirectory C:\Users\ansil\eclipse-workspace\projectRobotColorsSorting_V2\DSL\dk.sdu.bdd.xtext.parent\dk.sdu.bdd.xtext\src\main\resources
2024-02-16 10:22:11,156 [Worker-17: Launching Launch Runtime Eclipse] INFO  o.e.m.c.i.embedder.EclipseLogger - Using 'UTF-8' encoding to copy filtered resources.
2024-02-16 10:22:11,156 [Worker-17: Launching Launch Runtime Eclipse] INFO  o.e.m.c.i.embedder.EclipseLogger - skip non existing resourceDirectory C:\Users\ansil\eclipse-workspace\projectRobotColorsSorting_V2\DSL\dk.sdu.bdd.xtext.parent\dk.sdu.bdd.xtext\src\test\resources
2024-02-16 10:22:12,669 [Worker-17: Launching Launch Runtime Eclipse] INFO  o.e.m.c.i.l.LifecycleMappingFactory - Using DEFAULT lifecycle mapping for MavenProject: dk.sdu.bdd.xtext:dk.sdu.bdd.xtext.ide:1.0.0-SNAPSHOT @ C:\Users\ansil\eclipse-workspace\projectRobotColorsSorting_V2\DSL\dk.sdu.bdd.xtext.parent\dk.sdu.bdd.xtext.ide\pom.xml.
2024-02-16 10:22:13,295 [Worker-17: Launching Launch Runtime Eclipse] INFO  o.e.m.c.i.embedder.EclipseLogger - Using 'UTF-8' encoding to copy filtered resources.
2024-02-16 10:22:13,296 [Worker-17: Launching Launch Runtime Eclipse] INFO  o.e.m.c.i.embedder.EclipseLogger - skip non existing resourceDirectory C:\Users\ansil\eclipse-workspace\projectRobotColorsSorting_V2\DSL\dk.sdu.bdd.xtext.parent\dk.sdu.bdd.xtext.ide\src\main\resources
2024-02-16 10:22:13,297 [Worker-17: Launching Launch Runtime Eclipse] INFO  o.e.m.c.i.embedder.EclipseLogger - Using 'UTF-8' encoding to copy filtered resources.
2024-02-16 10:22:13,297 [Worker-17: Launching Launch Runtime Eclipse] INFO  o.e.m.c.i.embedder.EclipseLogger - skip non existing resourceDirectory C:\Users\ansil\eclipse-workspace\projectRobotColorsSorting_V2\DSL\dk.sdu.bdd.xtext.parent\dk.sdu.bdd.xtext.ide\src\test\resources
2024-02-16 10:22:14,627 [Worker-17: Launching Launch Runtime Eclipse] INFO  o.e.m.c.i.embedder.EclipseLogger - Using 'UTF-8' encoding to copy filtered resources.
2024-02-16 10:22:14,628 [Worker-17: Launching Launch Runtime Eclipse] INFO  o.e.m.c.i.embedder.EclipseLogger - skip non existing resourceDirectory C:\Users\ansil\eclipse-workspace\projectRobotColorsSorting_V2\DSL\dk.sdu.bdd.xtext.parent\dk.sdu.bdd.xtext.ide\src\main\resources
2024-02-16 10:22:14,631 [Worker-17: Launching Launch Runtime Eclipse] INFO  o.e.m.c.i.embedder.EclipseLogger - Using 'UTF-8' encoding to copy filtered resources.
2024-02-16 10:22:14,631 [Worker-17: Launching Launch Runtime Eclipse] INFO  o.e.m.c.i.embedder.EclipseLogger - skip non existing resourceDirectory C:\Users\ansil\eclipse-workspace\projectRobotColorsSorting_V2\DSL\dk.sdu.bdd.xtext.parent\dk.sdu.bdd.xtext.ide\src\test\resources
2024-02-16 10:22:15,020 [Worker-17: Launching Launch Runtime Eclipse] INFO  o.e.m.c.i.l.LifecycleMappingFactory - Using DEFAULT lifecycle mapping for MavenProject: dk.sdu.bdd.xtext:dk.sdu.bdd.xtext.tests:1.0.0-SNAPSHOT @ C:\Users\ansil\eclipse-workspace\projectRobotColorsSorting_V2\DSL\dk.sdu.bdd.xtext.parent\dk.sdu.bdd.xtext.tests\pom.xml.
2024-02-16 10:22:15,033 [Worker-17: Launching Launch Runtime Eclipse] INFO  o.e.m.c.i.embedder.EclipseLogger - Using 'UTF-8' encoding to copy filtered resources.
2024-02-16 10:22:15,034 [Worker-17: Launching Launch Runtime Eclipse] INFO  o.e.m.c.i.embedder.EclipseLogger - skip non existing resourceDirectory C:\Users\ansil\eclipse-workspace\projectRobotColorsSorting_V2\DSL\dk.sdu.bdd.xtext.parent\dk.sdu.bdd.xtext.tests\src\main\resources
2024-02-16 10:22:15,037 [Worker-17: Launching Launch Runtime Eclipse] INFO  o.e.m.c.i.embedder.EclipseLogger - Using 'UTF-8' encoding to copy filtered resources.
2024-02-16 10:22:15,038 [Worker-17: Launching Launch Runtime Eclipse] INFO  o.e.m.c.i.embedder.EclipseLogger - skip non existing resourceDirectory C:\Users\ansil\eclipse-workspace\projectRobotColorsSorting_V2\DSL\dk.sdu.bdd.xtext.parent\dk.sdu.bdd.xtext.tests\src\test\resources
2024-02-16 10:22:15,908 [Worker-17: Launching Launch Runtime Eclipse] INFO  o.e.m.c.i.embedder.EclipseLogger - Using 'UTF-8' encoding to copy filtered resources.
2024-02-16 10:22:15,908 [Worker-17: Launching Launch Runtime Eclipse] INFO  o.e.m.c.i.embedder.EclipseLogger - skip non existing resourceDirectory C:\Users\ansil\eclipse-workspace\projectRobotColorsSorting_V2\DSL\dk.sdu.bdd.xtext.parent\dk.sdu.bdd.xtext.tests\src\main\resources
2024-02-16 10:22:15,911 [Worker-17: Launching Launch Runtime Eclipse] INFO  o.e.m.c.i.embedder.EclipseLogger - Using 'UTF-8' encoding to copy filtered resources.
2024-02-16 10:22:15,911 [Worker-17: Launching Launch Runtime Eclipse] INFO  o.e.m.c.i.embedder.EclipseLogger - skip non existing resourceDirectory C:\Users\ansil\eclipse-workspace\projectRobotColorsSorting_V2\DSL\dk.sdu.bdd.xtext.parent\dk.sdu.bdd.xtext.tests\src\test\resources
2024-02-16 10:22:16,056 [Worker-17: Launching Launch Runtime Eclipse] INFO  o.e.m.c.i.l.LifecycleMappingFactory - Using DEFAULT lifecycle mapping for MavenProject: dk.sdu.bdd.xtext:dk.sdu.bdd.xtext.ui:1.0.0-SNAPSHOT @ C:\Users\ansil\eclipse-workspace\projectRobotColorsSorting_V2\DSL\dk.sdu.bdd.xtext.parent\dk.sdu.bdd.xtext.ui\pom.xml.
2024-02-16 10:22:16,068 [Worker-17: Launching Launch Runtime Eclipse] INFO  o.e.m.c.i.embedder.EclipseLogger - Using 'UTF-8' encoding to copy filtered resources.
2024-02-16 10:22:16,068 [Worker-17: Launching Launch Runtime Eclipse] INFO  o.e.m.c.i.embedder.EclipseLogger - skip non existing resourceDirectory C:\Users\ansil\eclipse-workspace\projectRobotColorsSorting_V2\DSL\dk.sdu.bdd.xtext.parent\dk.sdu.bdd.xtext.ui\src\main\resources
2024-02-16 10:22:16,070 [Worker-17: Launching Launch Runtime Eclipse] INFO  o.e.m.c.i.embedder.EclipseLogger - Using 'UTF-8' encoding to copy filtered resources.
2024-02-16 10:22:16,071 [Worker-17: Launching Launch Runtime Eclipse] INFO  o.e.m.c.i.embedder.EclipseLogger - skip non existing resourceDirectory C:\Users\ansil\eclipse-workspace\projectRobotColorsSorting_V2\DSL\dk.sdu.bdd.xtext.parent\dk.sdu.bdd.xtext.ui\src\test\resources
2024-02-16 10:22:18,890 [Worker-17: Launching Launch Runtime Eclipse] INFO  o.e.m.c.i.embedder.EclipseLogger - Using 'UTF-8' encoding to copy filtered resources.
2024-02-16 10:22:18,891 [Worker-17: Launching Launch Runtime Eclipse] INFO  o.e.m.c.i.embedder.EclipseLogger - skip non existing resourceDirectory C:\Users\ansil\eclipse-workspace\projectRobotColorsSorting_V2\DSL\dk.sdu.bdd.xtext.parent\dk.sdu.bdd.xtext.ui\src\main\resources
2024-02-16 10:22:18,894 [Worker-17: Launching Launch Runtime Eclipse] INFO  o.e.m.c.i.embedder.EclipseLogger - Using 'UTF-8' encoding to copy filtered resources.
2024-02-16 10:22:18,894 [Worker-17: Launching Launch Runtime Eclipse] INFO  o.e.m.c.i.embedder.EclipseLogger - skip non existing resourceDirectory C:\Users\ansil\eclipse-workspace\projectRobotColorsSorting_V2\DSL\dk.sdu.bdd.xtext.parent\dk.sdu.bdd.xtext.ui\src\test\resources
2024-02-16 10:22:19,130 [Worker-17: Launching Launch Runtime Eclipse] INFO  o.e.m.c.i.l.LifecycleMappingFactory - Using DEFAULT lifecycle mapping for MavenProject: dk.sdu.bdd.xtext:dk.sdu.bdd.xtext.ui.tests:1.0.0-SNAPSHOT @ C:\Users\ansil\eclipse-workspace\projectRobotColorsSorting_V2\DSL\dk.sdu.bdd.xtext.parent\dk.sdu.bdd.xtext.ui.tests\pom.xml.
2024-02-16 10:22:19,144 [Worker-17: Launching Launch Runtime Eclipse] INFO  o.e.m.c.i.embedder.EclipseLogger - Using 'UTF-8' encoding to copy filtered resources.
2024-02-16 10:22:19,144 [Worker-17: Launching Launch Runtime Eclipse] INFO  o.e.m.c.i.embedder.EclipseLogger - skip non existing resourceDirectory C:\Users\ansil\eclipse-workspace\projectRobotColorsSorting_V2\DSL\dk.sdu.bdd.xtext.parent\dk.sdu.bdd.xtext.ui.tests\src\main\resources
2024-02-16 10:22:19,146 [Worker-17: Launching Launch Runtime Eclipse] INFO  o.e.m.c.i.embedder.EclipseLogger - Using 'UTF-8' encoding to copy filtered resources.
2024-02-16 10:22:19,147 [Worker-17: Launching Launch Runtime Eclipse] INFO  o.e.m.c.i.embedder.EclipseLogger - skip non existing resourceDirectory C:\Users\ansil\eclipse-workspace\projectRobotColorsSorting_V2\DSL\dk.sdu.bdd.xtext.parent\dk.sdu.bdd.xtext.ui.tests\src\test\resources
2024-02-16 11:48:22,516 [Start Help Server] INFO  org.eclipse.jetty.server.Server - jetty-10.0.15; built: 2023-04-11T17:25:14.480Z; git: 68017dbd00236bb7e187330d7585a059610f661d; jvm 17.0.9+9
2024-02-16 11:48:22,580 [Start Help Server] INFO  o.e.j.s.s.DefaultSessionIdManager - Session workerName=node0
2024-02-16 11:48:22,629 [Start Help Server] INFO  o.e.j.server.handler.ContextHandler - Started o.e.j.s.ServletContextHandler@6fa5209d{/help,null,AVAILABLE}
2024-02-16 11:48:22,668 [Start Help Server] INFO  o.e.jetty.server.AbstractConnector - Started ServerConnector@50d01d4d{HTTP/1.1, (http/1.1)}{127.0.0.1:62584}
2024-02-16 11:48:22,675 [Start Help Server] INFO  org.eclipse.jetty.server.Server - Started Server@705b1b07{STARTING}[10.0.15,sto=0] @5265903ms
2024-02-16 14:48:27,089 [Worker-2: Loading available Gradle versions] INFO  o.e.b.c.i.u.g.PublishedGradleVersions - Gradle version information cache is up-to-date. Trying to read.
2024-02-17 08:51:01,709 [Worker-2: Loading available Gradle versions] INFO  o.e.b.c.i.u.g.PublishedGradleVersions - Gradle version information cache is up-to-date. Trying to read.
2024-02-17 18:27:46,042 [Worker-4: Loading available Gradle versions] INFO  o.e.b.c.i.u.g.PublishedGradleVersions - Gradle version information cache is out-of-date. Trying to update.
2024-02-27 11:10:21,484 [Worker-6: Loading available Gradle versions] INFO  o.e.b.c.i.u.g.PublishedGradleVersions - Gradle version information cache is out-of-date. Trying to update.
2024-02-27 12:52:11,568 [Worker-4: Loading available Gradle versions] INFO  o.e.b.c.i.u.g.PublishedGradleVersions - Gradle version information cache is up-to-date. Trying to read.
2024-02-27 14:01:42,274 [Worker-6: Loading available Gradle versions] INFO  o.e.b.c.i.u.g.PublishedGradleVersions - Gradle version information cache is up-to-date. Trying to read.
2024-02-27 14:02:45,370 [Worker-29: Updating Maven Dependencies] INFO  o.e.m.c.i.l.LifecycleMappingFactory - Using DEFAULT lifecycle mapping for MavenProject: dk.sdu.bdd.xtext:dk.sdu.bdd.xtext:1.0.0-SNAPSHOT @ C:\Users\ansil\eclipse-workspace\projectRobotColorsSorting_V2\DSL\dk.sdu.bdd.xtext.parent\dk.sdu.bdd.xtext\pom.xml.
2024-02-28 08:31:00,106 [Worker-7: Loading available Gradle versions] INFO  o.e.b.c.i.u.g.PublishedGradleVersions - Gradle version information cache is up-to-date. Trying to read.
2024-02-29 11:23:21,867 [Worker-6: Loading available Gradle versions] INFO  o.e.b.c.i.u.g.PublishedGradleVersions - Gradle version information cache is up-to-date. Trying to read.
2024-02-29 11:24:01,168 [Worker-17: Updating Maven Dependencies] INFO  o.e.m.c.i.l.LifecycleMappingFactory - Using DEFAULT lifecycle mapping for MavenProject: dk.sdu.bdd.xtext:dk.sdu.bdd.xtext:1.0.0-SNAPSHOT @ C:\Users\ansil\eclipse-workspace\projectRobotColorsSorting_V2\DSL\dk.sdu.bdd.xtext.parent\dk.sdu.bdd.xtext\pom.xml.
2024-02-29 17:12:09,779 [Worker-8: Loading available Gradle versions] INFO  o.e.b.c.i.u.g.PublishedGradleVersions - Gradle version information cache is up-to-date. Trying to read.
2024-02-29 17:13:12,342 [Worker-5: Updating Maven Dependencies] INFO  o.e.m.c.i.l.LifecycleMappingFactory - Using NULL lifecycle mapping for MavenProject: dk.sdu.bdd.xtext:dk.sdu.bdd.xtext.parent:1.0.0-SNAPSHOT @ C:\Users\ansil\eclipse-workspace\projectRobotColorsSorting_V3\DSL_3\dk.sdu.bdd.xtext.parent\pom.xml.
2024-02-29 17:13:13,515 [Worker-5: Updating Maven Dependencies] INFO  o.e.m.c.i.l.LifecycleMappingFactory - Using DEFAULT lifecycle mapping for MavenProject: dk.sdu.bdd.xtext:dk.sdu.bdd.xtext:1.0.0-SNAPSHOT @ C:\Users\ansil\eclipse-workspace\projectRobotColorsSorting_V3\DSL_3\dk.sdu.bdd.xtext.parent\dk.sdu.bdd.xtext\pom.xml.
2024-02-29 17:13:14,697 [Worker-4: Updating Maven Dependencies] INFO  o.e.m.c.i.l.LifecycleMappingFactory - Using DEFAULT lifecycle mapping for MavenProject: dk.sdu.bdd.xtext:dk.sdu.bdd.xtext.ui:1.0.0-SNAPSHOT @ C:\Users\ansil\eclipse-workspace\projectRobotColorsSorting_V3\DSL_3\dk.sdu.bdd.xtext.parent\dk.sdu.bdd.xtext.ui\pom.xml.
2024-03-01 09:06:46,734 [Worker-7: Loading available Gradle versions] INFO  o.e.b.c.i.u.g.PublishedGradleVersions - Gradle version information cache is up-to-date. Trying to read.
2024-03-01 13:24:57,145 [Worker-4: Loading available Gradle versions] INFO  o.e.b.c.i.u.g.PublishedGradleVersions - Gradle version information cache is out-of-date. Trying to update.
2024-03-01 15:51:19,910 [Worker-4: Loading available Gradle versions] INFO  o.e.b.c.i.u.g.PublishedGradleVersions - Gradle version information cache is up-to-date. Trying to read.
2024-03-02 13:06:00,590 [Worker-4: Loading available Gradle versions] INFO  o.e.b.c.i.u.g.PublishedGradleVersions - Gradle version information cache is up-to-date. Trying to read.
2024-03-02 14:49:03,191 [JmDNS(SDU-134054-c-sdu-dk.local.).State.Timer] WARN  j.j.impl.tasks.state.DNSStateTask - Canceler(SDU-134054-c-sdu-dk.local.).run() exception 
java.net.NoRouteToHostException: No route to host: no further information
	at java.base/sun.nio.ch.DatagramChannelImpl.send0(Native Method)
	at java.base/sun.nio.ch.DatagramChannelImpl.sendFromNativeBuffer(DatagramChannelImpl.java:901)
	at java.base/sun.nio.ch.DatagramChannelImpl.send(DatagramChannelImpl.java:863)
	at java.base/sun.nio.ch.DatagramChannelImpl.send(DatagramChannelImpl.java:821)
	at java.base/sun.nio.ch.DatagramChannelImpl.blockingSend(DatagramChannelImpl.java:853)
	at java.base/sun.nio.ch.DatagramSocketAdaptor.send(DatagramSocketAdaptor.java:218)
	at java.base/java.net.DatagramSocket.send(DatagramSocket.java:664)
	at javax.jmdns.impl.JmDNSImpl.send(JmDNSImpl.java:1665)
	at javax.jmdns.impl.tasks.state.DNSStateTask.run(DNSStateTask.java:131)
	at java.base/java.util.TimerThread.mainLoop(Timer.java:566)
	at java.base/java.util.TimerThread.run(Timer.java:516)
2024-03-02 14:49:08,333 [Multihomed mDNS.Timer] WARN  j.j.i.DNSStatefulObject$DefaultImplementation - Wait for canceled timed out: DNS: SDU-134054-c-sdu-dk.local. [SDU-134054.c.sdu.dk/192.168.224.1] state: canceling 1 task: null
2024-03-02 14:49:09,381 [JmDNS(SDU-134054-c-sdu-dk.local.).State.Timer] WARN  j.j.impl.tasks.state.DNSStateTask - Canceler(SDU-134054-c-sdu-dk.local.).run() exception 
java.net.NoRouteToHostException: No route to host: no further information
	at java.base/sun.nio.ch.DatagramChannelImpl.send0(Native Method)
	at java.base/sun.nio.ch.DatagramChannelImpl.sendFromNativeBuffer(DatagramChannelImpl.java:901)
	at java.base/sun.nio.ch.DatagramChannelImpl.send(DatagramChannelImpl.java:863)
	at java.base/sun.nio.ch.DatagramChannelImpl.send(DatagramChannelImpl.java:821)
	at java.base/sun.nio.ch.DatagramChannelImpl.blockingSend(DatagramChannelImpl.java:853)
	at java.base/sun.nio.ch.DatagramSocketAdaptor.send(DatagramSocketAdaptor.java:218)
	at java.base/java.net.DatagramSocket.send(DatagramSocket.java:664)
	at javax.jmdns.impl.JmDNSImpl.send(JmDNSImpl.java:1665)
	at javax.jmdns.impl.tasks.state.DNSStateTask.run(DNSStateTask.java:131)
	at java.base/java.util.TimerThread.mainLoop(Timer.java:566)
	at java.base/java.util.TimerThread.run(Timer.java:516)
2024-03-02 14:49:14,398 [Multihomed mDNS.Timer] WARN  j.j.i.DNSStatefulObject$DefaultImplementation - Wait for canceled timed out: DNS: SDU-134054-c-sdu-dk.local. [SDU-134054.c.sdu.dk/fe80:0:0:0:7548:c8ee:7ab8:57f9%eth26] state: canceling 1 task: null
2024-03-02 15:44:38,366 [JmDNS(SDU-134054-c-sdu-dk.local.).State.Timer] WARN  j.j.impl.tasks.state.DNSStateTask - Canceler(SDU-134054-c-sdu-dk.local.).run() exception 
java.net.NoRouteToHostException: No route to host: no further information
	at java.base/sun.nio.ch.DatagramChannelImpl.send0(Native Method)
	at java.base/sun.nio.ch.DatagramChannelImpl.sendFromNativeBuffer(DatagramChannelImpl.java:901)
	at java.base/sun.nio.ch.DatagramChannelImpl.send(DatagramChannelImpl.java:863)
	at java.base/sun.nio.ch.DatagramChannelImpl.send(DatagramChannelImpl.java:821)
	at java.base/sun.nio.ch.DatagramChannelImpl.blockingSend(DatagramChannelImpl.java:853)
	at java.base/sun.nio.ch.DatagramSocketAdaptor.send(DatagramSocketAdaptor.java:218)
	at java.base/java.net.DatagramSocket.send(DatagramSocket.java:664)
	at javax.jmdns.impl.JmDNSImpl.send(JmDNSImpl.java:1665)
	at javax.jmdns.impl.tasks.state.DNSStateTask.run(DNSStateTask.java:131)
	at java.base/java.util.TimerThread.mainLoop(Timer.java:566)
	at java.base/java.util.TimerThread.run(Timer.java:516)
2024-03-02 15:44:43,398 [Multihomed mDNS.Timer] WARN  j.j.i.DNSStatefulObject$DefaultImplementation - Wait for canceled timed out: DNS: SDU-134054-c-sdu-dk.local. [SDU-134054.c.sdu.dk/fe80:0:0:0:73ce:63ce:dd8b:7be5%eth26] state: canceling 1 task: null
2024-03-02 15:44:44,412 [JmDNS(SDU-134054-c-sdu-dk.local.).State.Timer] WARN  j.j.impl.tasks.state.DNSStateTask - Canceler(SDU-134054-c-sdu-dk.local.).run() exception 
java.net.NoRouteToHostException: No route to host: no further information
	at java.base/sun.nio.ch.DatagramChannelImpl.send0(Native Method)
	at java.base/sun.nio.ch.DatagramChannelImpl.sendFromNativeBuffer(DatagramChannelImpl.java:901)
	at java.base/sun.nio.ch.DatagramChannelImpl.send(DatagramChannelImpl.java:863)
	at java.base/sun.nio.ch.DatagramChannelImpl.send(DatagramChannelImpl.java:821)
	at java.base/sun.nio.ch.DatagramChannelImpl.blockingSend(DatagramChannelImpl.java:853)
	at java.base/sun.nio.ch.DatagramSocketAdaptor.send(DatagramSocketAdaptor.java:218)
	at java.base/java.net.DatagramSocket.send(DatagramSocket.java:664)
	at javax.jmdns.impl.JmDNSImpl.send(JmDNSImpl.java:1665)
	at javax.jmdns.impl.tasks.state.DNSStateTask.run(DNSStateTask.java:131)
	at java.base/java.util.TimerThread.mainLoop(Timer.java:566)
	at java.base/java.util.TimerThread.run(Timer.java:516)
2024-03-02 15:44:49,443 [Multihomed mDNS.Timer] WARN  j.j.i.DNSStatefulObject$DefaultImplementation - Wait for canceled timed out: DNS: SDU-134054-c-sdu-dk.local. [SDU-134054.c.sdu.dk/172.31.0.1] state: canceling 1 task: null
2024-03-02 16:38:13,140 [JmDNS(SDU-134054-c-sdu-dk.local.).State.Timer] WARN  j.j.impl.tasks.state.DNSStateTask - Canceler(SDU-134054-c-sdu-dk.local.).run() exception 
java.net.NoRouteToHostException: No route to host: no further information
	at java.base/sun.nio.ch.DatagramChannelImpl.send0(Native Method)
	at java.base/sun.nio.ch.DatagramChannelImpl.sendFromNativeBuffer(DatagramChannelImpl.java:901)
	at java.base/sun.nio.ch.DatagramChannelImpl.send(DatagramChannelImpl.java:863)
	at java.base/sun.nio.ch.DatagramChannelImpl.send(DatagramChannelImpl.java:821)
	at java.base/sun.nio.ch.DatagramChannelImpl.blockingSend(DatagramChannelImpl.java:853)
	at java.base/sun.nio.ch.DatagramSocketAdaptor.send(DatagramSocketAdaptor.java:218)
	at java.base/java.net.DatagramSocket.send(DatagramSocket.java:664)
	at javax.jmdns.impl.JmDNSImpl.send(JmDNSImpl.java:1665)
	at javax.jmdns.impl.tasks.state.DNSStateTask.run(DNSStateTask.java:131)
	at java.base/java.util.TimerThread.mainLoop(Timer.java:566)
	at java.base/java.util.TimerThread.run(Timer.java:516)
2024-03-02 16:38:18,174 [Multihomed mDNS.Timer] WARN  j.j.i.DNSStatefulObject$DefaultImplementation - Wait for canceled timed out: DNS: SDU-134054-c-sdu-dk.local. [SDU-134054.c.sdu.dk/172.22.208.1] state: canceling 1 task: null
2024-03-02 16:38:19,190 [JmDNS(SDU-134054-c-sdu-dk.local.).State.Timer] WARN  j.j.impl.tasks.state.DNSStateTask - Canceler(SDU-134054-c-sdu-dk.local.).run() exception 
java.net.NoRouteToHostException: No route to host: no further information
	at java.base/sun.nio.ch.DatagramChannelImpl.send0(Native Method)
	at java.base/sun.nio.ch.DatagramChannelImpl.sendFromNativeBuffer(DatagramChannelImpl.java:901)
	at java.base/sun.nio.ch.DatagramChannelImpl.send(DatagramChannelImpl.java:863)
	at java.base/sun.nio.ch.DatagramChannelImpl.send(DatagramChannelImpl.java:821)
	at java.base/sun.nio.ch.DatagramChannelImpl.blockingSend(DatagramChannelImpl.java:853)
	at java.base/sun.nio.ch.DatagramSocketAdaptor.send(DatagramSocketAdaptor.java:218)
	at java.base/java.net.DatagramSocket.send(DatagramSocket.java:664)
	at javax.jmdns.impl.JmDNSImpl.send(JmDNSImpl.java:1665)
	at javax.jmdns.impl.tasks.state.DNSStateTask.run(DNSStateTask.java:131)
	at java.base/java.util.TimerThread.mainLoop(Timer.java:566)
	at java.base/java.util.TimerThread.run(Timer.java:516)
2024-03-02 16:38:24,215 [Multihomed mDNS.Timer] WARN  j.j.i.DNSStatefulObject$DefaultImplementation - Wait for canceled timed out: DNS: SDU-134054-c-sdu-dk.local. [SDU-134054.c.sdu.dk/fe80:0:0:0:8bc5:a921:efcf:ad53%eth26] state: canceling 1 task: null
2024-03-03 18:12:14,948 [Worker-7: Loading available Gradle versions] INFO  o.e.b.c.i.u.g.PublishedGradleVersions - Gradle version information cache is out-of-date. Trying to update.
2024-03-04 09:33:21,124 [Worker-7: Loading available Gradle versions] INFO  o.e.b.c.i.u.g.PublishedGradleVersions - Gradle version information cache is up-to-date. Trying to read.
2024-03-04 12:17:02,664 [Worker-9: Loading available Gradle versions] INFO  o.e.b.c.i.u.g.PublishedGradleVersions - Gradle version information cache is up-to-date. Trying to read.
2024-03-04 12:19:53,393 [JmDNS(SDU-134054-c-sdu-dk.local.).State.Timer] WARN  j.j.impl.tasks.state.DNSStateTask - Canceler(SDU-134054-c-sdu-dk.local.).run() exception 
java.net.NoRouteToHostException: No route to host: no further information
	at java.base/sun.nio.ch.DatagramChannelImpl.send0(Native Method)
	at java.base/sun.nio.ch.DatagramChannelImpl.sendFromNativeBuffer(DatagramChannelImpl.java:901)
	at java.base/sun.nio.ch.DatagramChannelImpl.send(DatagramChannelImpl.java:863)
	at java.base/sun.nio.ch.DatagramChannelImpl.send(DatagramChannelImpl.java:821)
	at java.base/sun.nio.ch.DatagramChannelImpl.blockingSend(DatagramChannelImpl.java:853)
	at java.base/sun.nio.ch.DatagramSocketAdaptor.send(DatagramSocketAdaptor.java:218)
	at java.base/java.net.DatagramSocket.send(DatagramSocket.java:664)
	at javax.jmdns.impl.JmDNSImpl.send(JmDNSImpl.java:1665)
	at javax.jmdns.impl.tasks.state.DNSStateTask.run(DNSStateTask.java:131)
	at java.base/java.util.TimerThread.mainLoop(Timer.java:566)
	at java.base/java.util.TimerThread.run(Timer.java:516)
2024-03-04 12:19:58,430 [Multihomed mDNS.Timer] WARN  j.j.i.DNSStatefulObject$DefaultImplementation - Wait for canceled timed out: DNS: SDU-134054-c-sdu-dk.local. [SDU-134054.c.sdu.dk/172.25.64.1] state: canceling 1 task: null
2024-03-04 12:19:59,460 [JmDNS(SDU-134054-c-sdu-dk.local.).State.Timer] WARN  j.j.impl.tasks.state.DNSStateTask - Canceler(SDU-134054-c-sdu-dk.local.).run() exception 
java.net.NoRouteToHostException: No route to host: no further information
	at java.base/sun.nio.ch.DatagramChannelImpl.send0(Native Method)
	at java.base/sun.nio.ch.DatagramChannelImpl.sendFromNativeBuffer(DatagramChannelImpl.java:901)
	at java.base/sun.nio.ch.DatagramChannelImpl.send(DatagramChannelImpl.java:863)
	at java.base/sun.nio.ch.DatagramChannelImpl.send(DatagramChannelImpl.java:821)
	at java.base/sun.nio.ch.DatagramChannelImpl.blockingSend(DatagramChannelImpl.java:853)
	at java.base/sun.nio.ch.DatagramSocketAdaptor.send(DatagramSocketAdaptor.java:218)
	at java.base/java.net.DatagramSocket.send(DatagramSocket.java:664)
	at javax.jmdns.impl.JmDNSImpl.send(JmDNSImpl.java:1665)
	at javax.jmdns.impl.tasks.state.DNSStateTask.run(DNSStateTask.java:131)
	at java.base/java.util.TimerThread.mainLoop(Timer.java:566)
	at java.base/java.util.TimerThread.run(Timer.java:516)
2024-03-04 12:26:23,007 [Multihomed mDNS.Timer] WARN  j.j.i.DNSStatefulObject$DefaultImplementation - Wait for canceled timed out: DNS: SDU-134054-c-sdu-dk.local. [SDU-134054.c.sdu.dk/fe80:0:0:0:9ea5:ca33:fb12:b810%eth20] state: canceling 1 task: null
2024-03-04 12:27:57,937 [Worker-41: Updating Maven Dependencies] INFO  o.e.m.c.i.l.LifecycleMappingFactory - Using DEFAULT lifecycle mapping for MavenProject: dk.sdu.bdd.xtext:dk.sdu.bdd.xtext:1.0.0-SNAPSHOT @ C:\Users\ansil\eclipse-workspace\projectRobotColorsSorting_V3\DSL_3\dk.sdu.bdd.xtext.parent\dk.sdu.bdd.xtext\pom.xml.
2024-03-04 12:28:24,806 [Worker-15: Updating Maven Dependencies] INFO  o.e.m.c.i.l.LifecycleMappingFactory - Using NULL lifecycle mapping for MavenProject: dk.sdu.bdd.xtext:dk.sdu.bdd.xtext.parent:1.0.0-SNAPSHOT @ C:\Users\ansil\eclipse-workspace\projectRobotColorsSorting_V3\DSL_3\dk.sdu.bdd.xtext.parent\pom.xml.
2024-03-04 12:28:26,060 [Worker-37: Updating Maven Dependencies] INFO  o.e.m.c.i.l.LifecycleMappingFactory - Using DEFAULT lifecycle mapping for MavenProject: dk.sdu.bdd.xtext:dk.sdu.bdd.xtext:1.0.0-SNAPSHOT @ C:\Users\ansil\eclipse-workspace\projectRobotColorsSorting_V3\DSL_3\dk.sdu.bdd.xtext.parent\dk.sdu.bdd.xtext\pom.xml.
2024-03-04 12:29:52,297 [Worker-8: Loading available Gradle versions] INFO  o.e.b.c.i.u.g.PublishedGradleVersions - Gradle version information cache is up-to-date. Trying to read.
2024-03-04 12:30:27,048 [Worker-18: Updating Maven Dependencies] INFO  o.e.m.c.i.l.LifecycleMappingFactory - Using DEFAULT lifecycle mapping for MavenProject: dk.sdu.bdd.xtext:dk.sdu.bdd.xtext:1.0.0-SNAPSHOT @ C:\Users\ansil\eclipse-workspace\projectRobotColorsSorting_V3\DSL_3\dk.sdu.bdd.xtext.parent\dk.sdu.bdd.xtext\pom.xml.
2024-03-04 14:10:43,930 [Worker-7: Loading available Gradle versions] INFO  o.e.b.c.i.u.g.PublishedGradleVersions - Gradle version information cache is up-to-date. Trying to read.
2024-03-04 14:19:34,309 [Worker-7: Loading available Gradle versions] INFO  o.e.b.c.i.u.g.PublishedGradleVersions - Gradle version information cache is up-to-date. Trying to read.
2024-03-04 21:37:57,165 [Worker-6: Loading available Gradle versions] INFO  o.e.b.c.i.u.g.PublishedGradleVersions - Gradle version information cache is out-of-date. Trying to update.
